#
# A fatal error has been detected by the Java Runtime Environment:
#
#  SIGSEGV (0xb) at pc=0x00007f439afd4b20, pid=5325, tid=139929674856720
#
# JRE version: 6.0-b16
# Java VM: OpenJDK 64-Bit Server VM (14.0-b16 mixed mode linux-amd64 )
# Distribution: Ubuntu 9.10, package 6b16-1.6.1-3ubuntu1
# Problematic frame:
# C  [libluajava-1.1.so+0x16b20]
#
# If you would like to submit a bug report, please include
# instructions how to reproduce the bug and visit:
#   https://bugs.launchpad.net/ubuntu/+source/openjdk-6/
# The crash happened outside the Java Virtual Machine in native code.
# See problematic frame for where to report the bug.
#

---------------  T H R E A D  ---------------

Current thread (0x0000000001134000):  JavaThread "main" [_thread_in_native, id=5326, stack(0x00007f43ea803000,0x00007f43ea904000)]

siginfo:si_signo=SIGSEGV: si_errno=0, si_code=1 (SEGV_MAPERR), si_addr=0x0000000300000019

Registers:
RAX=0x0000000000000000, RBX=0x0000000300000001, RCX=0x00000000000fffff, RDX=0x0000000094342b50
RSP=0x00007f43ea9022f8, RBP=0x00007f43942ffcd0, RSI=0x00007f43942ffcd0, RDI=0x0000000300000011
R8 =0x0000000000030000, R9 =0x0000000000000000, R10=0x0000000000000000, R11=0x0000000000000005
R12=0x00007f43942ffcd0, R13=0x00007f43ea9024a0, R14=0x00007f43ea902578, R15=0x0000000001134000
RIP=0x00007f439afd4b20, EFL=0x0000000000010202, CSGSFS=0x0000000000000033, ERR=0x0000000000000004
  TRAPNO=0x000000000000000e

Top of Stack: (sp=0x00007f43ea9022f8)
0x00007f43ea9022f8:   00007f439afd8f7c 0000010000000006
0x00007f43ea902308:   00007f4394000078 00007f43942ff900
0x00007f43ea902318:   00007f439afd9047 00007f43942ff900
0x00007f43ea902328:   00007f43942ffcf0 00007f43942ffcc0
0x00007f43ea902338:   00007f439afcfc41 00007f43ea902440
0x00007f43ea902348:   0000000000000000 0000000000000001
0x00007f43ea902358:   00007f439afc9df5 00007f43942ff9b8
0x00007f43ea902368:   00007f439afdc9b5 0000000000000040
0x00007f43ea902378:   00007f439afd491c 0000000000000040
0x00007f43ea902388:   0000000000000000 00007f43942ff900
0x00007f43ea902398:   0000000000000000 00007f4394301390
0x00007f43ea9023a8:   00007f43942ff900 0000000000000000
0x00007f43ea9023b8:   0000000000000000 00007f4394301390
0x00007f43ea9023c8:   00007f43ea902578 0000000001134000
0x00007f43ea9023d8:   00007f439afd9959 0000000000000040
0x00007f43ea9023e8:   00007f43942ff900 0000000500000000
0x00007f43ea9023f8:   0000000100000001 00007f43ea9024a0
0x00007f43ea902408:   00007f43942ff900 00007f43ea902568
0x00007f43ea902418:   00007f439afcab50 00007f43ea9024a0
0x00007f43ea902428:   00007f43ea902578 0000000001134000
0x00007f43ea902438:   00007f439afca5a2 00007f43942ff900
0x00007f43ea902448:   00000000000000a6 00007f4394301291
0x00007f43ea902458:   00007f439afcab50 00007f43ea9024a0
0x00007f43ea902468:   00007f43942ff900 00007f43942ff900
0x00007f43ea902478:   00000000011341b8 00007f43ea902568
0x00007f43ea902488:   00007f43942ff900 00007f439d211fb0
0x00007f43ea902498:   00007f439afcacf0 00007f4394301220
0x00007f43ea9024a8:   0000000000000000 00007f439c581690
0x00007f43ea9024b8:   0100000000000000 00007f439d211fb0
0x00007f43ea9024c8:   00007f43ea902548 00007f439ce93950
0x00007f43ea9024d8:   00007f43e4bd98b7 0000000000000003
0x00007f43ea9024e8:   00007f43d09437a8 0000000000000002 

Instructions: (pc=0x00007f439afd4b20)
0x00007f439afd4b10:   15 6b 5f 01 00 89 ff 0f b6 14 3a 8d 04 02 c3 90
0x00007f439afd4b20:   8b 57 08 31 c0 3b 56 08 74 06 f3 c3 0f 1f 40 00 

Stack: [0x00007f43ea803000,0x00007f43ea904000],  sp=0x00007f43ea9022f8,  free space=1020k
Native frames: (J=compiled Java code, j=interpreted, Vv=VM code, C=native code)
C  [libluajava-1.1.so+0x16b20]
C  0x0000000000000005

Java frames: (J=compiled Java code, j=interpreted, Vv=VM code)
j  edu.washington.cs.activedht.lua.Serializer._deserialize(Lorg/keplerproject/luajava/CPtr;[B)I+0
j  edu.washington.cs.activedht.lua.Serializer.deserialize([B)Lorg/keplerproject/luajava/LuaObject;+9
j  edu.washington.cs.activedht.db.lua.LuaActiveDHTDBValue.<init>(J[BILcom/aelitis/azureus/core/dht/transport/DHTTransportContact;Lcom/aelitis/azureus/core/dht/transport/DHTTransportContact;ZI)V+12
j  edu.washington.cs.activedht.db.ActiveDHTInitializer$2.create(J[BILcom/aelitis/azureus/core/dht/transport/DHTTransportContact;Lcom/aelitis/azureus/core/dht/transport/DHTTransportContact;ZI)Lcom/aelitis/azureus/core/dht/db/DHTDBValue;+16
j  com.aelitis.azureus.core.dht.db.impl.DHTDBValueFactory.create(J[BILcom/aelitis/azureus/core/dht/transport/DHTTransportContact;Lcom/aelitis/azureus/core/dht/transport/DHTTransportContact;ZI)Lcom/aelitis/azureus/core/dht/db/DHTDBValue;+14
j  com.aelitis.azureus.core.dht.db.impl.DHTDBImpl.store(Lorg/gudy/azureus2/core3/util/HashWrapper;[BB)Lcom/aelitis/azureus/core/dht/db/DHTDBValue;+80
j  edu.washington.cs.activedht.db.ActiveDHTDBImpl.store(Lorg/gudy/azureus2/core3/util/HashWrapper;[BB)Lcom/aelitis/azureus/core/dht/db/DHTDBValue;+18
j  com.aelitis.azureus.core.dht.control.impl.DHTControlImpl.put([BLjava/lang/String;[BBZLcom/aelitis/azureus/core/dht/DHTOperationListener;)V+69
j  com.aelitis.azureus.core.dht.impl.DHTImpl.put([BLjava/lang/String;[BBLcom/aelitis/azureus/core/dht/DHTOperationListener;)V+12
j  edu.washington.cs.activedht.expt.ActivePeer.put([B[BLcom/aelitis/azureus/core/dht/DHTOperationAdapter;)V+11
j  edu.washington.cs.activedht.expt.Microbenchmark.put(Ljava/lang/String;Ljava/lang/String;)V+75
j  edu.washington.cs.activedht.expt.Microbenchmark.main([Ljava/lang/String;)V+109
v  ~StubRoutines::call_stub

---------------  P R O C E S S  ---------------

Java Threads: ( => current thread )
  0x00000000012ae800 JavaThread "DHTControl:puts[1]" daemon [_thread_blocked, id=5375, stack(0x00007f4393eff000,0x00007f4394000000)]
  0x00007f439431f800 JavaThread "PRUDPPacketHandler:sender" daemon [_thread_blocked, id=5364, stack(0x00007f4398048000,0x00007f4398149000)]
  0x00007f4394335800 JavaThread "timeoutrecalib" daemon [_thread_blocked, id=5363, stack(0x00007f4398149000,0x00007f439824a000)]
  0x00007f4394342800 JavaThread "AEThead2:parked[1]" daemon [_thread_blocked, id=5360, stack(0x00007f439824a000,0x00007f439834b000)]
  0x00007f4394311800 JavaThread "PRUDPPacketHandler:sender" daemon [_thread_blocked, id=5356, stack(0x00007f439834b000,0x00007f439844c000)]
  0x00007f4394358000 JavaThread "AEThead2:parked[2]" daemon [_thread_blocked, id=5355, stack(0x00007f4398a89000,0x00007f4398b8a000)]
  0x00000000017b4800 JavaThread "PRUDPPacketReciever:48386" daemon [_thread_in_native, id=5354, stack(0x00007f4398b8a000,0x00007f4398c8b000)]
  0x0000000001751800 JavaThread "timeoutrecalib" daemon [_thread_blocked, id=5353, stack(0x00007f4398c8b000,0x00007f4398d8c000)]
  0x0000000001647000 JavaThread "PRUDPPacketReciever:1234" daemon [_thread_in_native, id=5352, stack(0x00007f4398d8c000,0x00007f4398e8d000)]
  0x00007f43941f8000 JavaThread "WriteController:WriteSelector" daemon [_thread_in_native, id=5351, stack(0x00007f4398e8d000,0x00007f4398f8e000)]
  0x000000000165f000 JavaThread "ReadController:ReadSelector" daemon [_thread_in_native, id=5350, stack(0x00007f4398f8e000,0x00007f439908f000)]
  0x00000000015da800 JavaThread "VServerSelector:port60723" daemon [_thread_in_native, id=5349, stack(0x00007f439908f000,0x00007f4399190000)]
  0x00000000013e3000 JavaThread "WriteController:WriteProcessor" daemon [_thread_blocked, id=5347, stack(0x00007f43995af000,0x00007f43996b0000)]
  0x0000000001790000 JavaThread "ReadController:ReadProcessor" daemon [_thread_blocked, id=5346, stack(0x00007f43996b0000,0x00007f43997b1000)]
  0x0000000001245800 JavaThread "Timer:Simple Timer" daemon [_thread_blocked, id=5345, stack(0x00007f439acbb000,0x00007f439adbc000)]
  0x00007f4394075800 JavaThread "ConnectDisconnectManager" daemon [_thread_in_native, id=5344, stack(0x00007f439adbc000,0x00007f439aebd000)]
  0x00000000011e4800 JavaThread "SystemTime" daemon [_thread_blocked, id=5343, stack(0x00007f439aebd000,0x00007f439afbe000)]
  0x00000000011d1800 JavaThread "Low Memory Detector" daemon [_thread_blocked, id=5341, stack(0x00007f439b2f7000,0x00007f439b3f8000)]
  0x00000000011ce800 JavaThread "CompilerThread1" daemon [_thread_blocked, id=5340, stack(0x00007f439b3f8000,0x00007f439b4f9000)]
  0x00000000011ca800 JavaThread "CompilerThread0" daemon [_thread_blocked, id=5339, stack(0x00007f439b4f9000,0x00007f439b5fa000)]
  0x00000000011c8800 JavaThread "Signal Dispatcher" daemon [_thread_blocked, id=5338, stack(0x00007f439b5fa000,0x00007f439b6fb000)]
  0x00000000011a8800 JavaThread "Finalizer" daemon [_thread_blocked, id=5337, stack(0x00007f4393640000,0x00007f4393741000)]
  0x00000000011a1000 JavaThread "Reference Handler" daemon [_thread_blocked, id=5336, stack(0x00007f439b741000,0x00007f439b842000)]
=>0x0000000001134000 JavaThread "main" [_thread_in_native, id=5326, stack(0x00007f43ea803000,0x00007f43ea904000)]

Other Threads:
  0x000000000119c000 VMThread [stack: 0x00007f439b842000,0x00007f439b943000] [id=5335]
  0x00000000011d4000 WatcherThread [stack: 0x00007f439b1f6000,0x00007f439b2f7000] [id=5342]

VM state:not at safepoint (normal execution)

VM Mutex/Monitor currently owned by a thread: None

Heap
 PSYoungGen      total 34368K, used 11286K [0x00007f43d0120000, 0x00007f43d2540000, 0x00007f43e4bc0000)
  eden space 31744K, 27% used [0x00007f43d0120000,0x00007f43d099dbb0,0x00007f43d2020000)
  from space 2624K, 98% used [0x00007f43d22b0000,0x00007f43d2538030,0x00007f43d2540000)
  to   space 2624K, 0% used [0x00007f43d2020000,0x00007f43d2020000,0x00007f43d22b0000)
 PSOldGen        total 42304K, used 2115K [0x00007f43a6bc0000, 0x00007f43a9510000, 0x00007f43d0120000)
  object space 42304K, 4% used [0x00007f43a6bc0000,0x00007f43a6dd0c58,0x00007f43a9510000)
 PSPermGen       total 21248K, used 14819K [0x00007f439c3c0000, 0x00007f439d880000, 0x00007f43a6bc0000)
  object space 21248K, 69% used [0x00007f439c3c0000,0x00007f439d238c38,0x00007f439d880000)

Dynamic libraries:
00400000-00409000 r-xp 00000000 08:06 138536                             /usr/lib/jvm/java-6-openjdk/jre/bin/java
00608000-00609000 r--p 00008000 08:06 138536                             /usr/lib/jvm/java-6-openjdk/jre/bin/java
00609000-0060a000 rw-p 00009000 08:06 138536                             /usr/lib/jvm/java-6-openjdk/jre/bin/java
0112b000-018d5000 rw-p 00000000 00:00 0                                  [heap]
7f4393640000-7f4393643000 ---p 00000000 00:00 0 
7f4393643000-7f4393741000 rw-p 00000000 00:00 0 
7f4393eff000-7f4393f02000 ---p 00000000 00:00 0 
7f4393f02000-7f4394000000 rw-p 00000000 00:00 0 
7f4394000000-7f43943d5000 rw-p 00000000 00:00 0 
7f43943d5000-7f4398000000 ---p 00000000 00:00 0 
7f4398048000-7f439804b000 ---p 00000000 00:00 0 
7f439804b000-7f4398149000 rw-p 00000000 00:00 0 
7f4398149000-7f439814c000 ---p 00000000 00:00 0 
7f439814c000-7f439824a000 rw-p 00000000 00:00 0 
7f439824a000-7f439824d000 ---p 00000000 00:00 0 
7f439824d000-7f439834b000 rw-p 00000000 00:00 0 
7f439834b000-7f439834e000 ---p 00000000 00:00 0 
7f439834e000-7f439844c000 rw-p 00000000 00:00 0 
7f439844c000-7f4398462000 r-xp 00000000 08:06 991                        /lib/libresolv-2.10.1.so
7f4398462000-7f4398661000 ---p 00016000 08:06 991                        /lib/libresolv-2.10.1.so
7f4398661000-7f4398662000 r--p 00015000 08:06 991                        /lib/libresolv-2.10.1.so
7f4398662000-7f4398663000 rw-p 00016000 08:06 991                        /lib/libresolv-2.10.1.so
7f4398663000-7f4398665000 rw-p 00000000 00:00 0 
7f4398665000-7f439866a000 r-xp 00000000 08:06 984                        /lib/libnss_dns-2.10.1.so
7f439866a000-7f4398869000 ---p 00005000 08:06 984                        /lib/libnss_dns-2.10.1.so
7f4398869000-7f439886a000 r--p 00004000 08:06 984                        /lib/libnss_dns-2.10.1.so
7f439886a000-7f439886b000 rw-p 00005000 08:06 984                        /lib/libnss_dns-2.10.1.so
7f439886b000-7f439886d000 r-xp 00000000 08:06 608                        /lib/libnss_mdns4_minimal.so.2
7f439886d000-7f4398a6c000 ---p 00002000 08:06 608                        /lib/libnss_mdns4_minimal.so.2
7f4398a6c000-7f4398a6d000 r--p 00001000 08:06 608                        /lib/libnss_mdns4_minimal.so.2
7f4398a6d000-7f4398a6e000 rw-p 00002000 08:06 608                        /lib/libnss_mdns4_minimal.so.2
7f4398a89000-7f4398a8c000 ---p 00000000 00:00 0 
7f4398a8c000-7f4398b8a000 rw-p 00000000 00:00 0 
7f4398b8a000-7f4398b8d000 ---p 00000000 00:00 0 
7f4398b8d000-7f4398c8b000 rw-p 00000000 00:00 0 
7f4398c8b000-7f4398c8e000 ---p 00000000 00:00 0 
7f4398c8e000-7f4398d8c000 rw-p 00000000 00:00 0 
7f4398d8c000-7f4398d8f000 ---p 00000000 00:00 0 
7f4398d8f000-7f4398e8d000 rw-p 00000000 00:00 0 
7f4398e8d000-7f4398e90000 ---p 00000000 00:00 0 
7f4398e90000-7f4398f8e000 rw-p 00000000 00:00 0 
7f4398f8e000-7f4398f91000 ---p 00000000 00:00 0 
7f4398f91000-7f439908f000 rw-p 00000000 00:00 0 
7f439908f000-7f4399092000 ---p 00000000 00:00 0 
7f4399092000-7f4399190000 rw-p 00000000 00:00 0 
7f4399190000-7f4399198000 r-xp 00000000 08:06 138456                     /usr/lib/jvm/java-6-openjdk/jre/lib/amd64/libnio.so
7f4399198000-7f4399397000 ---p 00008000 08:06 138456                     /usr/lib/jvm/java-6-openjdk/jre/lib/amd64/libnio.so
7f4399397000-7f4399398000 r--p 00007000 08:06 138456                     /usr/lib/jvm/java-6-openjdk/jre/lib/amd64/libnio.so
7f4399398000-7f4399399000 rw-p 00008000 08:06 138456                     /usr/lib/jvm/java-6-openjdk/jre/lib/amd64/libnio.so
7f4399399000-7f43993ae000 r-xp 00000000 08:06 138455                     /usr/lib/jvm/java-6-openjdk/jre/lib/amd64/libnet.so
7f43993ae000-7f43995ad000 ---p 00015000 08:06 138455                     /usr/lib/jvm/java-6-openjdk/jre/lib/amd64/libnet.so
7f43995ad000-7f43995ae000 r--p 00014000 08:06 138455                     /usr/lib/jvm/java-6-openjdk/jre/lib/amd64/libnet.so
7f43995ae000-7f43995af000 rw-p 00015000 08:06 138455                     /usr/lib/jvm/java-6-openjdk/jre/lib/amd64/libnet.so
7f43995af000-7f43995b2000 ---p 00000000 00:00 0 
7f43995b2000-7f43996b0000 rw-p 00000000 00:00 0 
7f43996b0000-7f43996b3000 ---p 00000000 00:00 0 
7f43996b3000-7f43997b1000 rw-p 00000000 00:00 0 
7f43997b1000-7f43997b5000 r--s 00076000 08:06 137504                     /usr/lib/jvm/java-6-openjdk/jre/lib/ext/localedata.jar
7f43997b5000-7f43997b8000 r--s 00013000 08:01 2359745                    /home/alevy/activedht/src/apps/vanish/lib/Vanish.jar
7f43997b8000-7f43997bb000 r--s 00010000 08:01 2359751                    /home/alevy/activedht/src/apps/vanish/lib/xmlrpc-server-3.1.jar
7f43997bb000-7f43997cd000 r--s 001a8000 08:01 2621817                    /home/alevy/activedht/src/lib/swt-xosx.jar
7f43997cd000-7f439982e000 r-xp 00000000 08:06 264109                     /usr/lib/nss/libfreebl3.so
7f439982e000-7f4399a2e000 ---p 00061000 08:06 264109                     /usr/lib/nss/libfreebl3.so
7f4399a2e000-7f4399a2f000 r--p 00061000 08:06 264109                     /usr/lib/nss/libfreebl3.so
7f4399a2f000-7f4399a30000 rw-p 00062000 08:06 264109                     /usr/lib/nss/libfreebl3.so
7f4399a30000-7f4399a34000 rw-p 00000000 00:00 0 
7f4399a34000-7f4399ab9000 r-xp 00000000 08:06 135054                     /usr/lib/libsqlite3.so.0.8.6
7f4399ab9000-7f4399cb8000 ---p 00085000 08:06 135054                     /usr/lib/libsqlite3.so.0.8.6
7f4399cb8000-7f4399cba000 r--p 00084000 08:06 135054                     /usr/lib/libsqlite3.so.0.8.6
7f4399cba000-7f4399cbc000 rw-p 00086000 08:06 135054                     /usr/lib/libsqlite3.so.0.8.6
7f4399cbc000-7f4399cf8000 r-xp 00000000 08:06 264113                     /usr/lib/nss/libsoftokn3.so
7f4399cf8000-7f4399ef7000 ---p 0003c000 08:06 264113                     /usr/lib/nss/libsoftokn3.so
7f4399ef7000-7f4399ef9000 r--p 0003b000 08:06 264113                     /usr/lib/nss/libsoftokn3.so
7f4399ef9000-7f4399efa000 rw-p 0003d000 08:06 264113                     /usr/lib/nss/libsoftokn3.so
7f4399efa000-7f4399f31000 r-xp 00000000 08:06 134861                     /usr/lib/libnspr4.so
7f4399f31000-7f439a130000 ---p 00037000 08:06 134861                     /usr/lib/libnspr4.so
7f439a130000-7f439a131000 r--p 00036000 08:06 134861                     /usr/lib/libnspr4.so
7f439a131000-7f439a132000 rw-p 00037000 08:06 134861                     /usr/lib/libnspr4.so
7f439a132000-7f439a135000 rw-p 00000000 00:00 0 
7f439a135000-7f439a138000 r-xp 00000000 08:06 134926                     /usr/lib/libplds4.so
7f439a138000-7f439a337000 ---p 00003000 08:06 134926                     /usr/lib/libplds4.so
7f439a337000-7f439a338000 r--p 00002000 08:06 134926                     /usr/lib/libplds4.so
7f439a338000-7f439a339000 rw-p 00003000 08:06 134926                     /usr/lib/libplds4.so
7f439a339000-7f439a33d000 r-xp 00000000 08:06 134924                     /usr/lib/libplc4.so
7f439a33d000-7f439a53c000 ---p 00004000 08:06 134924                     /usr/lib/libplc4.so
7f439a53c000-7f439a53d000 r--p 00003000 08:06 134924                     /usr/lib/libplc4.so
7f439a53d000-7f439a53e000 rw-p 00004000 08:06 134924                     /usr/lib/libplc4.so
7f439a53e000-7f439a557000 r-xp 00000000 08:06 134871                     /usr/lib/libnssutil3.so
7f439a557000-7f439a756000 ---p 00019000 08:06 134871                     /usr/lib/libnssutil3.so
7f439a756000-7f439a75b000 r--p 00018000 08:06 134871                     /usr/lib/libnssutil3.so
7f439a75b000-7f439a75c000 rw-p 0001d000 08:06 134871                     /usr/lib/libnssutil3.so
7f439a75d000-7f439a761000 r--s 00016000 08:01 2359750                    /home/alevy/activedht/src/apps/vanish/lib/xmlrpc-common-3.1.jar
7f439a761000-7f439a777000 r--s 001e5000 08:01 2621816                    /home/alevy/activedht/src/lib/swt-win32.jar
7f439a777000-7f439a8a3000 r-xp 00000000 08:06 134863                     /usr/lib/libnss3.so
7f439a8a3000-7f439aaa2000 ---p 0012c000 08:06 134863                     /usr/lib/libnss3.so
7f439aaa2000-7f439aaa7000 r--p 0012b000 08:06 134863                     /usr/lib/libnss3.so
7f439aaa7000-7f439aaa9000 rw-p 00130000 08:06 134863                     /usr/lib/libnss3.so
7f439aaa9000-7f439aaab000 rw-p 00000000 00:00 0 
7f439aaab000-7f439aab9000 r-xp 00000000 08:06 138443                     /usr/lib/jvm/java-6-openjdk/jre/lib/amd64/libj2pkcs11.so
7f439aab9000-7f439acb9000 ---p 0000e000 08:06 138443                     /usr/lib/jvm/java-6-openjdk/jre/lib/amd64/libj2pkcs11.so
7f439acb9000-7f439acba000 r--p 0000e000 08:06 138443                     /usr/lib/jvm/java-6-openjdk/jre/lib/amd64/libj2pkcs11.so
7f439acba000-7f439acbb000 rw-p 0000f000 08:06 138443                     /usr/lib/jvm/java-6-openjdk/jre/lib/amd64/libj2pkcs11.so
7f439acbb000-7f439acbe000 ---p 00000000 00:00 0 
7f439acbe000-7f439adbc000 rw-p 00000000 00:00 0 
7f439adbc000-7f439adbf000 ---p 00000000 00:00 0 
7f439adbf000-7f439aebd000 rw-p 00000000 00:00 0 
7f439aebd000-7f439aec0000 ---p 00000000 00:00 0 
7f439aec0000-7f439afbe000 rw-p 00000000 00:00 0 
7f439afbe000-7f439aff4000 r-xp 00000000 08:01 2098800                    /home/alevy/activedht/src/luajava/libluajava-1.1.so
7f439aff4000-7f439b1f3000 ---p 00036000 08:01 2098800                    /home/alevy/activedht/src/luajava/libluajava-1.1.so
7f439b1f3000-7f439b1f5000 r--p 00035000 08:01 2098800                    /home/alevy/activedht/src/luajava/libluajava-1.1.so
7f439b1f5000-7f439b1f6000 rw-p 00037000 08:01 2098800                    /home/alevy/activedht/src/luajava/libluajava-1.1.so
7f439b1f6000-7f439b1f7000 ---p 00000000 00:00 0 
7f439b1f7000-7f439b2f7000 rw-p 00000000 00:00 0 
7f439b2f7000-7f439b2fa000 ---p 00000000 00:00 0 
7f439b2fa000-7f439b3f8000 rw-p 00000000 00:00 0 
7f439b3f8000-7f439b3fb000 ---p 00000000 00:00 0 
7f439b3fb000-7f439b4f9000 rw-p 00000000 00:00 0 
7f439b4f9000-7f439b4fc000 ---p 00000000 00:00 0 
7f439b4fc000-7f439b5fa000 rw-p 00000000 00:00 0 
7f439b5fa000-7f439b5fd000 ---p 00000000 00:00 0 
7f439b5fd000-7f439b6fb000 rw-p 00000000 00:00 0 
7f439b6fb000-7f439b702000 r--s 00000000 08:06 394503                     /usr/lib/gconv/gconv-modules.cache
7f439b702000-7f439b741000 r--p 00000000 08:06 526387                     /usr/lib/locale/en_US.utf8/LC_CTYPE
7f439b741000-7f439b744000 ---p 00000000 00:00 0 
7f439b744000-7f439b842000 rw-p 00000000 00:00 0 
7f439b842000-7f439b843000 ---p 00000000 00:00 0 
7f439b843000-7f439ba1b000 rw-p 00000000 00:00 0 
7f439ba1b000-7f439bbb0000 r--s 038e8000 08:06 138430                     /usr/lib/jvm/java-6-openjdk/jre/lib/rt.jar
7f439bbb0000-7f439bbd8000 rw-p 00000000 00:00 0 
7f439bbd8000-7f439bbd9000 ---p 00000000 00:00 0 
7f439bbd9000-7f439bcd9000 rw-p 00000000 00:00 0 
7f439bcd9000-7f439bcda000 ---p 00000000 00:00 0 
7f439bcda000-7f439bdda000 rw-p 00000000 00:00 0 
7f439bdda000-7f439bddb000 ---p 00000000 00:00 0 
7f439bddb000-7f439bedb000 rw-p 00000000 00:00 0 
7f439bedb000-7f439bedc000 ---p 00000000 00:00 0 
7f439bedc000-7f439bfdc000 rw-p 00000000 00:00 0 
7f439bfdc000-7f439bfe7000 rwxp 00000000 00:00 0 
7f439bfe7000-7f439c030000 rwxp 00000000 00:00 0 
7f439c030000-7f439c045000 rwxp 00000000 00:00 0 
7f439c045000-7f439c17b000 rwxp 00000000 00:00 0 
7f439c17b000-7f439c186000 rwxp 00000000 00:00 0 
7f439c186000-7f439c1cf000 rwxp 00000000 00:00 0 
7f439c1cf000-7f439c1e4000 rwxp 00000000 00:00 0 
7f439c1e4000-7f439c319000 rwxp 00000000 00:00 0 
7f439c319000-7f439c32c000 rwxp 00000000 00:00 0 
7f439c32c000-7f439c3bf000 rwxp 00000000 00:00 0 
7f439c3bf000-7f439d880000 rwxp 00000000 00:00 0 
7f439d880000-7f43a6bc0000 rwxp 00000000 00:00 0 
7f43a6bc0000-7f43a9510000 rwxp 00000000 00:00 0 
7f43a9510000-7f43d0120000 rwxp 00000000 00:00 0 
7f43d0120000-7f43d2540000 rwxp 00000000 00:00 0 
7f43d2540000-7f43e4bc0000 rwxp 00000000 00:00 0 
7f43e4bc0000-7f43e4bc8000 r--s 0004f000 08:01 2621815                    /home/alevy/activedht/src/lib/log4j.jar
7f43e4bc8000-7f43e4e38000 rwxp 00000000 00:00 0 
7f43e4e38000-7f43e7bc8000 rwxp 00000000 00:00 0 
7f43e7bc8000-7f43e7bcf000 r-xp 00000000 08:06 138513                     /usr/lib/jvm/java-6-openjdk/jre/lib/amd64/libzip.so
7f43e7bcf000-7f43e7dce000 ---p 00007000 08:06 138513                     /usr/lib/jvm/java-6-openjdk/jre/lib/amd64/libzip.so
7f43e7dce000-7f43e7dcf000 r--p 00006000 08:06 138513                     /usr/lib/jvm/java-6-openjdk/jre/lib/amd64/libzip.so
7f43e7dcf000-7f43e7dd0000 rw-p 00007000 08:06 138513                     /usr/lib/jvm/java-6-openjdk/jre/lib/amd64/libzip.so
7f43e7dd0000-7f43e7ddc000 r-xp 00000000 08:06 985                        /lib/libnss_files-2.10.1.so
7f43e7ddc000-7f43e7fdb000 ---p 0000c000 08:06 985                        /lib/libnss_files-2.10.1.so
7f43e7fdb000-7f43e7fdc000 r--p 0000b000 08:06 985                        /lib/libnss_files-2.10.1.so
7f43e7fdc000-7f43e7fdd000 rw-p 0000c000 08:06 985                        /lib/libnss_files-2.10.1.so
7f43e7fdd000-7f43e7fe7000 r-xp 00000000 08:06 987                        /lib/libnss_nis-2.10.1.so
7f43e7fe7000-7f43e81e6000 ---p 0000a000 08:06 987                        /lib/libnss_nis-2.10.1.so
7f43e81e6000-7f43e81e7000 r--p 00009000 08:06 987                        /lib/libnss_nis-2.10.1.so
7f43e81e7000-7f43e81e8000 rw-p 0000a000 08:06 987                        /lib/libnss_nis-2.10.1.so
7f43e81e8000-7f43e81ef000 r-xp 00000000 08:06 983                        /lib/libnss_compat-2.10.1.so
7f43e81ef000-7f43e83ef000 ---p 00007000 08:06 983                        /lib/libnss_compat-2.10.1.so
7f43e83ef000-7f43e83f0000 r--p 00007000 08:06 983                        /lib/libnss_compat-2.10.1.so
7f43e83f0000-7f43e83f1000 rw-p 00008000 08:06 983                        /lib/libnss_compat-2.10.1.so
7f43e83f1000-7f43e83f9000 r-xp 00000000 08:06 138514                     /usr/lib/jvm/java-6-openjdk/jre/lib/amd64/native_threads/libhpi.so
7f43e83f9000-7f43e85f8000 ---p 00008000 08:06 138514                     /usr/lib/jvm/java-6-openjdk/jre/lib/amd64/native_threads/libhpi.so
7f43e85f8000-7f43e85f9000 r--p 00007000 08:06 138514                     /usr/lib/jvm/java-6-openjdk/jre/lib/amd64/native_threads/libhpi.so
7f43e85f9000-7f43e85fa000 rw-p 00008000 08:06 138514                     /usr/lib/jvm/java-6-openjdk/jre/lib/amd64/native_threads/libhpi.so
7f43e85fa000-7f43e8610000 r-xp 00000000 08:06 982                        /lib/libnsl-2.10.1.so
7f43e8610000-7f43e8810000 ---p 00016000 08:06 982                        /lib/libnsl-2.10.1.so
7f43e8810000-7f43e8811000 r--p 00016000 08:06 982                        /lib/libnsl-2.10.1.so
7f43e8811000-7f43e8812000 rw-p 00017000 08:06 982                        /lib/libnsl-2.10.1.so
7f43e8812000-7f43e8814000 rw-p 00000000 00:00 0 
7f43e8814000-7f43e8841000 r-xp 00000000 08:06 138445                     /usr/lib/jvm/java-6-openjdk/jre/lib/amd64/libjava.so
7f43e8841000-7f43e8a40000 ---p 0002d000 08:06 138445                     /usr/lib/jvm/java-6-openjdk/jre/lib/amd64/libjava.so
7f43e8a40000-7f43e8a41000 r--p 0002c000 08:06 138445                     /usr/lib/jvm/java-6-openjdk/jre/lib/amd64/libjava.so
7f43e8a41000-7f43e8a44000 rw-p 0002d000 08:06 138445                     /usr/lib/jvm/java-6-openjdk/jre/lib/amd64/libjava.so
7f43e8a44000-7f43e8a52000 r-xp 00000000 08:06 138461                     /usr/lib/jvm/java-6-openjdk/jre/lib/amd64/libverify.so
7f43e8a52000-7f43e8c51000 ---p 0000e000 08:06 138461                     /usr/lib/jvm/java-6-openjdk/jre/lib/amd64/libverify.so
7f43e8c51000-7f43e8c53000 r--p 0000d000 08:06 138461                     /usr/lib/jvm/java-6-openjdk/jre/lib/amd64/libverify.so
7f43e8c53000-7f43e8c54000 rw-p 0000f000 08:06 138461                     /usr/lib/jvm/java-6-openjdk/jre/lib/amd64/libverify.so
7f43e8c54000-7f43e8c5b000 r-xp 00000000 08:06 992                        /lib/librt-2.10.1.so
7f43e8c5b000-7f43e8e5a000 ---p 00007000 08:06 992                        /lib/librt-2.10.1.so
7f43e8e5a000-7f43e8e5b000 r--p 00006000 08:06 992                        /lib/librt-2.10.1.so
7f43e8e5b000-7f43e8e5c000 rw-p 00007000 08:06 992                        /lib/librt-2.10.1.so
7f43e8e5c000-7f43e8ede000 r-xp 00000000 08:06 980                        /lib/libm-2.10.1.so
7f43e8ede000-7f43e90de000 ---p 00082000 08:06 980                        /lib/libm-2.10.1.so
7f43e90de000-7f43e90df000 r--p 00082000 08:06 980                        /lib/libm-2.10.1.so
7f43e90df000-7f43e90e0000 rw-p 00083000 08:06 980                        /lib/libm-2.10.1.so
7f43e90e0000-7f43e989b000 r-xp 00000000 08:06 138515                     /usr/lib/jvm/java-6-openjdk/jre/lib/amd64/server/libjvm.so
7f43e989b000-7f43e9a9a000 ---p 007bb000 08:06 138515                     /usr/lib/jvm/java-6-openjdk/jre/lib/amd64/server/libjvm.so
7f43e9a9a000-7f43e9b08000 r--p 007ba000 08:06 138515                     /usr/lib/jvm/java-6-openjdk/jre/lib/amd64/server/libjvm.so
7f43e9b08000-7f43e9b21000 rw-p 00828000 08:06 138515                     /usr/lib/jvm/java-6-openjdk/jre/lib/amd64/server/libjvm.so
7f43e9b21000-7f43e9b5d000 rw-p 00000000 00:00 0 
7f43e9b5d000-7f43e9cc3000 r-xp 00000000 08:06 976                        /lib/libc-2.10.1.so
7f43e9cc3000-7f43e9ec2000 ---p 00166000 08:06 976                        /lib/libc-2.10.1.so
7f43e9ec2000-7f43e9ec6000 r--p 00165000 08:06 976                        /lib/libc-2.10.1.so
7f43e9ec6000-7f43e9ec7000 rw-p 00169000 08:06 976                        /lib/libc-2.10.1.so
7f43e9ec7000-7f43e9ecc000 rw-p 00000000 00:00 0 
7f43e9ecc000-7f43e9ece000 r-xp 00000000 08:06 979                        /lib/libdl-2.10.1.so
7f43e9ece000-7f43ea0ce000 ---p 00002000 08:06 979                        /lib/libdl-2.10.1.so
7f43ea0ce000-7f43ea0cf000 r--p 00002000 08:06 979                        /lib/libdl-2.10.1.so
7f43ea0cf000-7f43ea0d0000 rw-p 00003000 08:06 979                        /lib/libdl-2.10.1.so
7f43ea0d0000-7f43ea0d4000 r-xp 00000000 08:06 138433                     /usr/lib/jvm/java-6-openjdk/jre/lib/amd64/jli/libjli.so
7f43ea0d4000-7f43ea2d3000 ---p 00004000 08:06 138433                     /usr/lib/jvm/java-6-openjdk/jre/lib/amd64/jli/libjli.so
7f43ea2d3000-7f43ea2d4000 r--p 00003000 08:06 138433                     /usr/lib/jvm/java-6-openjdk/jre/lib/amd64/jli/libjli.so
7f43ea2d4000-7f43ea2d5000 rw-p 00004000 08:06 138433                     /usr/lib/jvm/java-6-openjdk/jre/lib/amd64/jli/libjli.so
7f43ea2d5000-7f43ea2ec000 r-xp 00000000 08:06 990                        /lib/libpthread-2.10.1.so
7f43ea2ec000-7f43ea4eb000 ---p 00017000 08:06 990                        /lib/libpthread-2.10.1.so
7f43ea4eb000-7f43ea4ec000 r--p 00016000 08:06 990                        /lib/libpthread-2.10.1.so
7f43ea4ec000-7f43ea4ed000 rw-p 00017000 08:06 990                        /lib/libpthread-2.10.1.so
7f43ea4ed000-7f43ea4f1000 rw-p 00000000 00:00 0 
7f43ea4f1000-7f43ea507000 r-xp 00000000 08:06 675                        /lib/libz.so.1.2.3.3
7f43ea507000-7f43ea706000 ---p 00016000 08:06 675                        /lib/libz.so.1.2.3.3
7f43ea706000-7f43ea707000 r--p 00015000 08:06 675                        /lib/libz.so.1.2.3.3
7f43ea707000-7f43ea708000 rw-p 00016000 08:06 675                        /lib/libz.so.1.2.3.3
7f43ea708000-7f43ea727000 r-xp 00000000 08:06 968                        /lib/ld-2.10.1.so
7f43ea729000-7f43ea72c000 r--s 00009000 08:01 2359749                    /home/alevy/activedht/src/apps/vanish/lib/xmlrpc-client-3.1.jar
7f43ea72c000-7f43ea72f000 r--s 0001b000 08:01 2621814                    /home/alevy/activedht/src/lib/junit.jar
7f43ea72f000-7f43ea731000 r--s 00006000 08:01 2621812                    /home/alevy/activedht/src/lib/commons-cli.jar
7f43ea731000-7f43ea73b000 r--s 00049000 08:01 2621811                    /home/alevy/activedht/src/lib/apple-extensions.jar
7f43ea73b000-7f43ea73e000 r--s 00038000 08:06 137502                     /usr/lib/jvm/java-6-openjdk/jre/lib/ext/sunpkcs11.jar
7f43ea73e000-7f43ea740000 r--s 00013000 08:06 137517                     /usr/lib/jvm/java-6-openjdk/jre/lib/jce.jar
7f43ea740000-7f43ea743000 r--s 00031000 08:06 137505                     /usr/lib/jvm/java-6-openjdk/jre/lib/ext/sunjce_provider.jar
7f43ea743000-7f43ea74d000 rwxp 00000000 00:00 0 
7f43ea74d000-7f43ea803000 rwxp 00000000 00:00 0 
7f43ea803000-7f43ea806000 ---p 00000000 00:00 0 
7f43ea806000-7f43ea908000 rw-p 00000000 00:00 0 
7f43ea909000-7f43ea90d000 r--s 00079000 08:06 137518                     /usr/lib/jvm/java-6-openjdk/jre/lib/jsse.jar
7f43ea90d000-7f43ea910000 r--s 0000f000 08:06 137507                     /usr/lib/jvm/java-6-openjdk/jre/lib/ext/pulse-java.jar
7f43ea910000-7f43ea919000 r--s 00065000 08:06 353190                     /usr/share/java/gnome-java-bridge.jar
7f43ea919000-7f43ea921000 rw-s 00000000 08:06 785                        /tmp/hsperfdata_alevy/5325
7f43ea921000-7f43ea922000 rw-p 00000000 00:00 0 
7f43ea922000-7f43ea923000 r--p 00000000 00:00 0 
7f43ea923000-7f43ea926000 rw-p 00000000 00:00 0 
7f43ea926000-7f43ea927000 r--p 0001e000 08:06 968                        /lib/ld-2.10.1.so
7f43ea927000-7f43ea928000 rw-p 0001f000 08:06 968                        /lib/ld-2.10.1.so
7fffe5ff5000-7fffe600a000 rw-p 00000000 00:00 0                          [stack]
7fffe6047000-7fffe6048000 r-xp 00000000 00:00 0                          [vdso]
ffffffffff600000-ffffffffff601000 r-xp 00000000 00:00 0                  [vsyscall]

VM Arguments:
jvm_args: -Djava.library.path=/home/alevy/activedht/src/luajava:/home/alevy/activedht/src/luajava -Dfile.encoding=UTF-8 
java_command: edu.washington.cs.activedht.expt.Microbenchmark
Launcher Type: SUN_STANDARD

Environment Variables:
PATH=/usr/local/sbin:/usr/local/bin:/usr/sbin:/usr/bin:/sbin:/bin:/usr/games
USERNAME=alevy
LD_LIBRARY_PATH=/usr/lib/jvm/java-6-openjdk/jre/lib/amd64/server:/usr/lib/jvm/java-6-openjdk/jre/lib/amd64:/usr/lib/jvm/java-6-openjdk/jre/../lib/amd64:/usr/lib/xulrunner-1.9.1.7:/usr/lib64/xulrunner-addons
SHELL=/bin/zsh
DISPLAY=:0.0

Signal Handlers:
SIGSEGV: [libjvm.so+0x66e710], sa_mask[0]=0x7ffbfeff, sa_flags=0x10000004
SIGBUS: [libjvm.so+0x66e710], sa_mask[0]=0x7ffbfeff, sa_flags=0x10000004
SIGFPE: [libjvm.so+0x545490], sa_mask[0]=0x7ffbfeff, sa_flags=0x10000004
SIGPIPE: SIG_IGN, sa_mask[0]=0x00000000, sa_flags=0x00000000
SIGXFSZ: [libjvm.so+0x545490], sa_mask[0]=0x7ffbfeff, sa_flags=0x10000004
SIGILL: [libjvm.so+0x545490], sa_mask[0]=0x7ffbfeff, sa_flags=0x10000004
SIGUSR1: SIG_DFL, sa_mask[0]=0x00000000, sa_flags=0x00000000
SIGUSR2: [libjvm.so+0x544be0], sa_mask[0]=0x00000004, sa_flags=0x10000004
SIGHUP: [libjvm.so+0x5471f0], sa_mask[0]=0x7ffbfeff, sa_flags=0x10000004
SIGINT: [libjvm.so+0x5471f0], sa_mask[0]=0x7ffbfeff, sa_flags=0x10000004
SIGTERM: [libjvm.so+0x5471f0], sa_mask[0]=0x7ffbfeff, sa_flags=0x10000004
SIGQUIT: [libjvm.so+0x5471f0], sa_mask[0]=0x7ffbfeff, sa_flags=0x10000004


---------------  S Y S T E M  ---------------

OS:Ubuntu 9.10 (karmic)
uname:Linux 2.6.31-17-generic #54-Ubuntu SMP Thu Dec 10 17:01:44 UTC 2009 x86_64
libc:glibc 2.10.1 NPTL 2.10.1 
rlimit: STACK 8192k, CORE 0k, NPROC infinity, NOFILE 1024, AS infinity
load average:0.54 0.35 0.13

CPU:total 4 (4 cores per cpu, 1 threads per core) family 6 model 23 stepping 10, cmov, cx8, fxsr, mmx, sse, sse2, sse3, ssse3, sse4.1

Memory: 4k page, physical 4057792k(1208900k free), swap 9863868k(9863868k free)

vm_info: OpenJDK 64-Bit Server VM (14.0-b16) for linux-amd64 JRE (1.6.0_0-b16), built on Nov 10 2009 06:15:36 by "buildd" with gcc 4.4.1

time: Sat Jan 16 22:05:10 2010
elapsed time: 21 seconds

